Traceback (most recent call last):
  File "/Users/tompkins/miniconda3/envs/book/lib/python3.12/site-packages/jupyter_cache/executors/utils.py", line 58, in single_nb_execution
    executenb(
  File "/Users/tompkins/miniconda3/envs/book/lib/python3.12/site-packages/nbclient/client.py", line 1305, in execute
    return NotebookClient(nb=nb, resources=resources, km=km, **kwargs).execute()
           ^^^^^^^^^^^^^^^^^^^^^^^^^^^^^^^^^^^^^^^^^^^^^^^^^^^^^^^^^^^^^^^^^^^^^
  File "/Users/tompkins/miniconda3/envs/book/lib/python3.12/site-packages/jupyter_core/utils/__init__.py", line 173, in wrapped
    return loop.run_until_complete(inner)
           ^^^^^^^^^^^^^^^^^^^^^^^^^^^^^^
  File "/Users/tompkins/miniconda3/envs/book/lib/python3.12/asyncio/base_events.py", line 664, in run_until_complete
    return future.result()
           ^^^^^^^^^^^^^^^
  File "/Users/tompkins/miniconda3/envs/book/lib/python3.12/site-packages/nbclient/client.py", line 705, in async_execute
    await self.async_execute_cell(
  File "/Users/tompkins/miniconda3/envs/book/lib/python3.12/site-packages/nbclient/client.py", line 1058, in async_execute_cell
    await self._check_raise_for_error(cell, cell_index, exec_reply)
  File "/Users/tompkins/miniconda3/envs/book/lib/python3.12/site-packages/nbclient/client.py", line 914, in _check_raise_for_error
    raise CellExecutionError.from_cell_and_msg(cell, exec_reply_content)
nbclient.exceptions.CellExecutionError: An error occurred while executing the following cell:
------------------
# Note: Ensure the URL points to the actual .nc file download
url = "http://clima-dods.ictp.it/Users/tompkins/diploma/data/"
files=["tmean3.nc","qvmean3.nc"]
target="../data/"
for file in files:
    # 2. Download the file if it doesn't exist on your disk yet
    if not os.path.exists(target+file):
        print(f"Downloading {file}...")
        r = requests.get(url+file, stream=True)
        r.raise_for_status()
        with open(target+file, 'wb') as f:
            for chunk in r.iter_content(chunk_size=8192):
                f.write(chunk)
        print("Download complete.")
    else:
        print("Files present")



------------------

----- stdout -----
Downloading tmean3.nc...
------------------

[31m---------------------------------------------------------------------------[39m
[31mFileNotFoundError[39m                         Traceback (most recent call last)
[36mCell[39m[36m [39m[32mIn[2][39m[32m, line 11[39m
[32m      9[39m r = requests.get(url+file, stream=[38;5;28;01mTrue[39;00m)
[32m     10[39m r.raise_for_status()
[32m---> [39m[32m11[39m [38;5;28;01mwith[39;00m [38;5;28;43mopen[39;49m[43m([49m[43mtarget[49m[43m+[49m[43mfile[49m[43m,[49m[43m [49m[33;43m'[39;49m[33;43mwb[39;49m[33;43m'[39;49m[43m)[49m [38;5;28;01mas[39;00m f:
[32m     12[39m     [38;5;28;01mfor[39;00m chunk [38;5;129;01min[39;00m r.iter_content(chunk_size=[32m8192[39m):
[32m     13[39m         f.write(chunk)

[36mFile [39m[32m/opt/homebrew/Caskroom/miniconda/base/envs/climlab/lib/python3.11/site-packages/IPython/core/interactiveshell.py:343[39m, in [36m_modified_open[39m[34m(file, *args, **kwargs)[39m
[32m    336[39m [38;5;28;01mif[39;00m file [38;5;129;01min[39;00m {[32m0[39m, [32m1[39m, [32m2[39m}:
[32m    337[39m     [38;5;28;01mraise[39;00m [38;5;167;01mValueError[39;00m(
[32m    338[39m         [33mf[39m[33m"[39m[33mIPython won[39m[33m'[39m[33mt let you open fd=[39m[38;5;132;01m{[39;00mfile[38;5;132;01m}[39;00m[33m by default [39m[33m"[39m
[32m    339[39m         [33m"[39m[33mas it is likely to crash IPython. If you know what you are doing, [39m[33m"[39m
[32m    340[39m         [33m"[39m[33myou can use builtins[39m[33m'[39m[33m open.[39m[33m"[39m
[32m    341[39m     )
[32m--> [39m[32m343[39m [38;5;28;01mreturn[39;00m [43mio_open[49m[43m([49m[43mfile[49m[43m,[49m[43m [49m[43m*[49m[43margs[49m[43m,[49m[43m [49m[43m*[49m[43m*[49m[43mkwargs[49m[43m)[49m

[31mFileNotFoundError[39m: [Errno 2] No such file or directory: '../data/tmean3.nc'

